zad/build/outputs/logs/manifest-merger-debug-report.txt
-- Merging decision tree log ---
manifest
ADDED from src/main/AndroidManifest.xml:2:1-200:12
	package
		ADDED from src/main/AndroidManifest.xml:3:5-26
		INJECTED from src/main/AndroidManifest.xml
		INJECTED from src/main/AndroidManifest.xml
	android:versionName
		ADDED from src/main/AndroidManifest.xml:5:5-30
		INJECTED from src/main/AndroidManifest.xml
		INJECTED from src/main/AndroidManifest.xml
	android:versionCode
		ADDED from src/main/AndroidManifest.xml:4:5-28
		INJECTED from src/main/AndroidManifest.xml
		INJECTED from src/main/AndroidManifest.xml
	xmlns:android
		ADDED from src/main/AndroidManifest.xml:2:11-69
uses-sdk
ADDED from src/main/AndroidManifest.xml:7:5-9:41
MERGED from [com.google.android.gms:play-services:7.5.0] AndroidManifest.xml:18:5-42
MERGED from [com.google.android.gms:play-services-ads:7.5.0] AndroidManifest.xml:23:5-42
MERGED from [com.google.android.gms:play-services-analytics:7.5.0] AndroidManifest.xml:18:5-42
MERGED from [com.google.android.gms:play-services-appindexing:7.5.0] AndroidManifest.xml:18:5-42
MERGED from [com.google.android.gms:play-services-appinvite:7.5.0] AndroidManifest.xml:18:5-42
MERGED from [com.google.android.gms:play-services-appstate:7.5.0] AndroidManifest.xml:18:5-42
MERGED from [com.google.android.gms:play-services-cast:7.5.0] AndroidManifest.xml:18:5-42
MERGED from [com.android.support:mediarouter-v7:22.0.0] AndroidManifest.xml:20:5-43
MERGED from [com.google.android.gms:play-services-fitness:7.5.0] AndroidManifest.xml:18:5-42
MERGED from [com.google.android.gms:play-services-games:7.5.0] AndroidManifest.xml:18:5-42
MERGED from [com.google.android.gms:play-services-drive:7.5.0] AndroidManifest.xml:18:5-42
MERGED from [com.google.android.gms:play-services-gcm:7.5.0] AndroidManifest.xml:18:5-42
MERGED from [com.google.android.gms:play-services-location:7.5.0] AndroidManifest.xml:18:5-42
MERGED from [com.google.android.gms:play-services-nearby:7.5.0] AndroidManifest.xml:18:5-42
MERGED from [com.google.android.gms:play-services-panorama:7.5.0] AndroidManifest.xml:18:5-42
MERGED from [com.google.android.gms:play-services-plus:7.5.0] AndroidManifest.xml:18:5-42
MERGED from [com.google.android.gms:play-services-safetynet:7.5.0] AndroidManifest.xml:18:5-42
MERGED from [com.google.android.gms:play-services-wallet:7.5.0] AndroidManifest.xml:19:5-42
MERGED from [com.google.android.gms:play-services-identity:7.5.0] AndroidManifest.xml:18:5-42
MERGED from [com.google.android.gms:play-services-maps:7.5.0] AndroidManifest.xml:28:5-42
MERGED from [com.google.android.gms:play-services-wearable:7.5.0] AndroidManifest.xml:18:5-42
MERGED from [com.google.android.gms:play-services-base:7.5.0] AndroidManifest.xml:18:5-42
MERGED from [com.android.support:design:25.1.0] AndroidManifest.xml:21:5-23:62
MERGED from [com.android.support:recyclerview-v7:25.1.0] AndroidManifest.xml:20:5-43
MERGED from [com.android.support:transition:25.1.0] AndroidManifest.xml:20:5-44
MERGED from [com.facebook.android:facebook-android-sdk:4.18.0] AndroidManifest.xml:24:5-26:41
MERGED from [com.android.support:appcompat-v7:25.1.0] AndroidManifest.xml:21:5-23:78
MERGED from [com.android.support:support-v4:25.1.0] AndroidManifest.xml:21:5-23:54
MERGED from [com.android.support:support-fragment:25.1.0] AndroidManifest.xml:21:5-23:60
MERGED from [com.android.support:support-media-compat:25.1.0] AndroidManifest.xml:21:5-23:63
MERGED from [com.android.support:support-core-ui:25.1.0] AndroidManifest.xml:21:5-23:58
MERGED from [com.android.support:support-core-utils:25.1.0] AndroidManifest.xml:21:5-23:61
MERGED from [com.android.support:animated-vector-drawable:25.1.0] AndroidManifest.xml:20:5-44
MERGED from [com.android.support:support-vector-drawable:25.1.0] AndroidManifest.xml:21:5-43
MERGED from [com.android.support:cardview-v7:25.0.0] AndroidManifest.xml:20:5-43
MERGED from [com.android.support:customtabs:25.0.0] AndroidManifest.xml:20:5-44
MERGED from [com.android.support:support-compat:25.1.0] AndroidManifest.xml:21:5-23:58
	tools:overrideLibrary
		ADDED from [com.android.support:design:25.1.0] AndroidManifest.xml:23:9-59
	android:targetSdkVersion
		ADDED from src/main/AndroidManifest.xml:9:9-38
		INJECTED from src/main/AndroidManifest.xml
		INJECTED from src/main/AndroidManifest.xml
	android:minSdkVersion
		ADDED from src/main/AndroidManifest.xml:8:9-35
		INJECTED from src/main/AndroidManifest.xml
		INJECTED from src/main/AndroidManifest.xml
uses-permission#android.permission.VIBRATE
ADDED from src/main/AndroidManifest.xml:11:5-66
	android:name
		ADDED from src/main/AndroidManifest.xml:11:22-63
uses-permission#android.permission.INTERNET
ADDED from src/main/AndroidManifest.xml:12:5-67
MERGED from [com.google.android.gms:play-services-ads:7.5.0] AndroidManifest.xml:20:5-66
MERGED from [com.google.android.gms:play-services-analytics:7.5.0] AndroidManifest.xml:21:5-67
MERGED from [com.google.android.gms:play-services-appinvite:7.5.0] AndroidManifest.xml:19:5-67
MERGED from [com.google.android.gms:play-services-wallet:7.5.0] AndroidManifest.xml:20:5-66
MERGED from [com.google.android.gms:play-services-maps:7.5.0] AndroidManifest.xml:21:5-66
	android:name
		ADDED from src/main/AndroidManifest.xml:12:22-64
uses-permission#android.permission.ACCESS_NETWORK_STATE
ADDED from src/main/AndroidManifest.xml:13:5-79
MERGED from [com.google.android.gms:play-services-ads:7.5.0] AndroidManifest.xml:21:5-78
MERGED from [com.google.android.gms:play-services-analytics:7.5.0] AndroidManifest.xml:22:5-79
MERGED from [com.google.android.gms:play-services-nearby:7.5.0] AndroidManifest.xml:19:5-79
MERGED from [com.google.android.gms:play-services-maps:7.5.0] AndroidManifest.xml:20:5-78
	android:name
		ADDED from src/main/AndroidManifest.xml:13:22-76
uses-permission#android.permission.RECEIVE_BOOT_COMPLETED
ADDED from src/main/AndroidManifest.xml:14:5-81
	android:name
		ADDED from src/main/AndroidManifest.xml:14:22-78
uses-permission#com.android.vending.BILLING
ADDED from src/main/AndroidManifest.xml:15:5-67
	android:name
		ADDED from src/main/AndroidManifest.xml:15:22-64
application
ADDED from src/main/AndroidManifest.xml:17:5-198:19
MERGED from [com.google.android.gms:play-services:7.5.0] AndroidManifest.xml:19:5-20
MERGED from [com.google.android.gms:play-services-ads:7.5.0] AndroidManifest.xml:24:5-32:19
MERGED from [com.google.android.gms:play-services-analytics:7.5.0] AndroidManifest.xml:24:5-20
MERGED from [com.google.android.gms:play-services-appindexing:7.5.0] AndroidManifest.xml:19:5-20
MERGED from [com.google.android.gms:play-services-appinvite:7.5.0] AndroidManifest.xml:20:5-20
MERGED from [com.google.android.gms:play-services-appstate:7.5.0] AndroidManifest.xml:19:5-20
MERGED from [com.google.android.gms:play-services-cast:7.5.0] AndroidManifest.xml:19:5-20
MERGED from [com.android.support:mediarouter-v7:22.0.0] AndroidManifest.xml:22:5-20
MERGED from [com.google.android.gms:play-services-fitness:7.5.0] AndroidManifest.xml:19:5-20
MERGED from [com.google.android.gms:play-services-games:7.5.0] AndroidManifest.xml:19:5-20
MERGED from [com.google.android.gms:play-services-drive:7.5.0] AndroidManifest.xml:19:5-20
MERGED from [com.google.android.gms:play-services-gcm:7.5.0] AndroidManifest.xml:19:5-20
MERGED from [com.google.android.gms:play-services-location:7.5.0] AndroidManifest.xml:19:5-20
MERGED from [com.google.android.gms:play-services-nearby:7.5.0] AndroidManifest.xml:20:5-20
MERGED from [com.google.android.gms:play-services-panorama:7.5.0] AndroidManifest.xml:19:5-20
MERGED from [com.google.android.gms:play-services-plus:7.5.0] AndroidManifest.xml:19:5-20
MERGED from [com.google.android.gms:play-services-safetynet:7.5.0] AndroidManifest.xml:19:5-20
MERGED from [com.google.android.gms:play-services-wallet:7.5.0] AndroidManifest.xml:24:5-35:19
MERGED from [com.google.android.gms:play-services-identity:7.5.0] AndroidManifest.xml:19:5-20
MERGED from [com.google.android.gms:play-services-maps:7.5.0] AndroidManifest.xml:29:5-20
MERGED from [com.google.android.gms:play-services-wearable:7.5.0] AndroidManifest.xml:19:5-20
MERGED from [com.google.android.gms:play-services-base:7.5.0] AndroidManifest.xml:20:5-24:19
MERGED from [com.android.support:design:25.1.0] AndroidManifest.xml:25:5-20
MERGED from [com.android.support:transition:25.1.0] AndroidManifest.xml:22:5-20
MERGED from [com.facebook.android:facebook-android-sdk:4.18.0] AndroidManifest.xml:28:5-38:19
MERGED from [com.android.support:appcompat-v7:25.1.0] AndroidManifest.xml:25:5-20
MERGED from [com.android.support:support-v4:25.1.0] AndroidManifest.xml:25:5-20
MERGED from [com.android.support:support-fragment:25.1.0] AndroidManifest.xml:25:5-20
MERGED from [com.android.support:support-media-compat:25.1.0] AndroidManifest.xml:25:5-20
MERGED from [com.android.support:support-core-ui:25.1.0] AndroidManifest.xml:25:5-20
MERGED from [com.android.support:support-core-utils:25.1.0] AndroidManifest.xml:25:5-20
MERGED from [com.android.support:animated-vector-drawable:25.1.0] AndroidManifest.xml:22:5-20
MERGED from [com.android.support:support-vector-drawable:25.1.0] AndroidManifest.xml:23:5-20
MERGED from [com.android.support:cardview-v7:25.0.0] AndroidManifest.xml:22:5-20
MERGED from [com.android.support:customtabs:25.0.0] AndroidManifest.xml:22:5-20
MERGED from [com.android.support:support-compat:25.1.0] AndroidManifest.xml:25:5-20
	android:label
		ADDED from src/main/AndroidManifest.xml:20:9-41
	android:windowSoftInputMode
		ADDED from src/main/AndroidManifest.xml:22:9-51
	android:allowBackup
		ADDED from src/main/AndroidManifest.xml:18:9-36
	android:icon
		ADDED from src/main/AndroidManifest.xml:19:9-45
	android:theme
		ADDED from src/main/AndroidManifest.xml:21:9-42
	android:name
		ADDED from src/main/AndroidManifest.xml:23:9-39
meta-data#com.google.android.gms.version
ADDED from src/main/AndroidManifest.xml:24:9-26:69
MERGED from [com.google.android.gms:play-services-base:7.5.0] AndroidManifest.xml:21:9-23:69
	android:value
		ADDED from src/main/AndroidManifest.xml:26:13-66
	android:name
		ADDED from src/main/AndroidManifest.xml:25:13-58
activity#com.google.android.gms.ads.AdActivity
ADDED from src/main/AndroidManifest.xml:28:9-30:125
MERGED from [com.google.android.gms:play-services-ads:7.5.0] AndroidManifest.xml:26:9-29:64
	android:configChanges
		ADDED from src/main/AndroidManifest.xml:30:13-122
	android:theme
		ADDED from [com.google.android.gms:play-services-ads:7.5.0] AndroidManifest.xml:29:13-61
	android:name
		ADDED from src/main/AndroidManifest.xml:29:13-65
activity#com.app.zad.ui.Magic_Activity
ADDED from src/main/AndroidManifest.xml:31:9-44:20
	android:label
		ADDED from src/main/AndroidManifest.xml:33:13-45
	android:theme
		ADDED from src/main/AndroidManifest.xml:34:13-52
	android:name
		ADDED from src/main/AndroidManifest.xml:32:13-57
meta-data#android.app.default_searchable
ADDED from src/main/AndroidManifest.xml:35:13-37:62
	android:value
		ADDED from src/main/AndroidManifest.xml:37:17-59
	android:name
		ADDED from src/main/AndroidManifest.xml:36:17-62
intent-filter#android.intent.action.MAIN+android.intent.category.LAUNCHER
ADDED from src/main/AndroidManifest.xml:39:13-43:29
action#android.intent.action.MAIN
ADDED from src/main/AndroidManifest.xml:40:17-69
	android:name
		ADDED from src/main/AndroidManifest.xml:40:25-66
category#android.intent.category.LAUNCHER
ADDED from src/main/AndroidManifest.xml:42:17-77
	android:name
		ADDED from src/main/AndroidManifest.xml:42:27-74
activity#com.app.zad.ui.Search_Tabs
ADDED from src/main/AndroidManifest.xml:47:9-65:20
	android:parentActivityName
		ADDED from src/main/AndroidManifest.xml:50:13-60
	android:launchMode
		ADDED from src/main/AndroidManifest.xml:49:13-43
	android:theme
		ADDED from src/main/AndroidManifest.xml:51:13-50
	android:name
		ADDED from src/main/AndroidManifest.xml:48:13-54
meta-data#android.support.PARENT_ACTIVITY
ADDED from src/main/AndroidManifest.xml:52:13-54:65
	android:value
		ADDED from src/main/AndroidManifest.xml:54:17-62
	android:name
		ADDED from src/main/AndroidManifest.xml:53:17-63
intent-filter#android.intent.action.SEARCH+android.intent.category.DEFAULT
ADDED from src/main/AndroidManifest.xml:56:13-60:29
action#android.intent.action.SEARCH
ADDED from src/main/AndroidManifest.xml:57:17-71
	android:name
		ADDED from src/main/AndroidManifest.xml:57:25-68
category#android.intent.category.DEFAULT
ADDED from src/main/AndroidManifest.xml:59:17-76
	android:name
		ADDED from src/main/AndroidManifest.xml:59:27-73
meta-data#android.app.searchable
ADDED from src/main/AndroidManifest.xml:62:13-64:54
	android:resource
		ADDED from src/main/AndroidManifest.xml:64:17-51
	android:name
		ADDED from src/main/AndroidManifest.xml:63:17-54
activity#com.app.zad.ui.Quote_view_pager_activity
ADDED from src/main/AndroidManifest.xml:68:9-74:20
	android:parentActivityName
		ADDED from src/main/AndroidManifest.xml:70:13-60
	android:name
		ADDED from src/main/AndroidManifest.xml:69:13-68
receiver#com.app.zad.widget.Widget
ADDED from src/main/AndroidManifest.xml:76:9-87:20
	android:label
		ADDED from src/main/AndroidManifest.xml:79:13-45
	android:installLocation
		ADDED from src/main/AndroidManifest.xml:78:13-51
	android:name
		ADDED from src/main/AndroidManifest.xml:77:13-53
intent-filter#android.appwidget.action.APPWIDGET_UPDATE
ADDED from src/main/AndroidManifest.xml:80:13-82:29
action#android.appwidget.action.APPWIDGET_UPDATE
ADDED from src/main/AndroidManifest.xml:81:17-84
	android:name
		ADDED from src/main/AndroidManifest.xml:81:25-81
meta-data#android.appwidget.provider
ADDED from src/main/AndroidManifest.xml:84:13-86:50
	android:resource
		ADDED from src/main/AndroidManifest.xml:86:17-47
	android:name
		ADDED from src/main/AndroidManifest.xml:85:17-58
activity#com.app.zad.widget.Configuration
ADDED from src/main/AndroidManifest.xml:89:9-93:20
	android:name
		ADDED from src/main/AndroidManifest.xml:89:19-66
intent-filter#android.appwidget.action.APPWIDGET_CONFIGURE
ADDED from src/main/AndroidManifest.xml:90:13-92:29
action#android.appwidget.action.APPWIDGET_CONFIGURE
ADDED from src/main/AndroidManifest.xml:91:17-87
	android:name
		ADDED from src/main/AndroidManifest.xml:91:25-84
receiver#com.app.zad.widgetPremium.Widget
ADDED from src/main/AndroidManifest.xml:95:9-106:20
	android:label
		ADDED from src/main/AndroidManifest.xml:98:13-52
	android:installLocation
		ADDED from src/main/AndroidManifest.xml:97:13-51
	android:name
		ADDED from src/main/AndroidManifest.xml:96:13-60
activity#com.app.zad.widgetPremium.Configuration
ADDED from src/main/AndroidManifest.xml:108:9-112:20
	android:name
		ADDED from src/main/AndroidManifest.xml:108:19-73
activity#com.app.zad.ui.UserSettingActivity
ADDED from src/main/AndroidManifest.xml:113:9-121:20
	android:label
		ADDED from src/main/AndroidManifest.xml:115:13-45
	android:parentActivityName
		ADDED from src/main/AndroidManifest.xml:116:13-60
	android:theme
		ADDED from src/main/AndroidManifest.xml:117:13-47
	android:name
		ADDED from src/main/AndroidManifest.xml:114:13-62
service#com.app.zad.widget.WidgetService
ADDED from src/main/AndroidManifest.xml:123:9-124:19
	android:name
		ADDED from src/main/AndroidManifest.xml:123:18-65
service#com.app.zad.widgetPremium.WidgetService
ADDED from src/main/AndroidManifest.xml:125:9-126:19
	android:name
		ADDED from src/main/AndroidManifest.xml:125:18-72
service#com.app.zad.work_in_background.TodayQuote_Service
ADDED from src/main/AndroidManifest.xml:127:9-129:38
	android:enabled
		ADDED from src/main/AndroidManifest.xml:129:13-35
	android:name
		ADDED from src/main/AndroidManifest.xml:128:13-77
service#com.app.zad.work_in_background.Random_Quote_Service
ADDED from src/main/AndroidManifest.xml:130:9-132:38
	android:enabled
		ADDED from src/main/AndroidManifest.xml:132:13-35
	android:name
		ADDED from src/main/AndroidManifest.xml:131:13-79
service#com.app.zad.work_in_background.morning_evening_Service
ADDED from src/main/AndroidManifest.xml:133:9-135:38
	android:enabled
		ADDED from src/main/AndroidManifest.xml:135:13-35
	android:name
		ADDED from src/main/AndroidManifest.xml:134:13-82
service#com.app.zad.work_in_background.mood_Freq_Question_Service
ADDED from src/main/AndroidManifest.xml:136:9-138:38
	android:enabled
		ADDED from src/main/AndroidManifest.xml:138:13-35
	android:name
		ADDED from src/main/AndroidManifest.xml:137:13-85
receiver#com.app.zad.work_in_background.Today_Quote_Reciever
ADDED from src/main/AndroidManifest.xml:140:9-88
	android:name
		ADDED from src/main/AndroidManifest.xml:140:19-85
receiver#com.app.zad.work_in_background.Random_Quote_Reciever
ADDED from src/main/AndroidManifest.xml:141:9-89
	android:name
		ADDED from src/main/AndroidManifest.xml:141:19-86
receiver#com.app.zad.work_in_background.morning_evening_Reciever
ADDED from src/main/AndroidManifest.xml:142:9-92
	android:name
		ADDED from src/main/AndroidManifest.xml:142:19-89
receiver#com.app.zad.work_in_background.mood_Freq_Question_Reciever
ADDED from src/main/AndroidManifest.xml:143:9-95
	android:name
		ADDED from src/main/AndroidManifest.xml:143:19-92
receiver#com.app.zad.work_in_background.PingReciever
ADDED from src/main/AndroidManifest.xml:144:9-80
	android:name
		ADDED from src/main/AndroidManifest.xml:144:19-77
receiver#com.app.zad.work_in_background.on_Boot_Reciever
ADDED from src/main/AndroidManifest.xml:145:9-149:20
	android:name
		ADDED from src/main/AndroidManifest.xml:145:19-81
intent-filter#android.intent.action.BOOT_COMPLETED
ADDED from src/main/AndroidManifest.xml:146:13-148:29
action#android.intent.action.BOOT_COMPLETED
ADDED from src/main/AndroidManifest.xml:147:17-79
	android:name
		ADDED from src/main/AndroidManifest.xml:147:25-76
activity#com.app.zad.ui.Authors_list_quotes_notBoring
ADDED from src/main/AndroidManifest.xml:151:9-159:20
	android:label
		ADDED from src/main/AndroidManifest.xml:153:13-60
	android:parentActivityName
		ADDED from src/main/AndroidManifest.xml:154:13-60
	android:theme
		ADDED from src/main/AndroidManifest.xml:155:13-54
	android:name
		ADDED from src/main/AndroidManifest.xml:152:13-72
activity#com.app.zad.ui.Facebook_Share
ADDED from src/main/AndroidManifest.xml:160:9-161:20
	android:name
		ADDED from src/main/AndroidManifest.xml:160:19-63
activity#com.app.zad.widget.ChooseAuthor
ADDED from src/main/AndroidManifest.xml:162:9-68
	android:name
		ADDED from src/main/AndroidManifest.xml:162:19-65
activity#com.app.zad.widget.ChooseCategory
ADDED from src/main/AndroidManifest.xml:163:9-70
	android:name
		ADDED from src/main/AndroidManifest.xml:163:19-67
activity#com.app.zad.ui.AboutActivity
ADDED from src/main/AndroidManifest.xml:164:9-167:53
	android:label
		ADDED from src/main/AndroidManifest.xml:166:13-32
	android:theme
		ADDED from src/main/AndroidManifest.xml:167:13-50
	android:name
		ADDED from src/main/AndroidManifest.xml:165:13-56
activity#com.facebook.LoginActivity
ADDED from src/main/AndroidManifest.xml:168:9-63
	android:name
		ADDED from src/main/AndroidManifest.xml:168:19-60
meta-data#com.facebook.sdk.ApplicationId
ADDED from src/main/AndroidManifest.xml:170:9-172:55
	android:value
		ADDED from src/main/AndroidManifest.xml:172:13-52
	android:name
		ADDED from src/main/AndroidManifest.xml:171:13-58
activity#com.app.zad.ui.CategoriesListQuotesNotBoring
ADDED from src/main/AndroidManifest.xml:174:9-182:20
	android:label
		ADDED from src/main/AndroidManifest.xml:176:13-85
	android:parentActivityName
		ADDED from src/main/AndroidManifest.xml:177:13-60
	android:theme
		ADDED from src/main/AndroidManifest.xml:178:13-54
	android:name
		ADDED from src/main/AndroidManifest.xml:175:13-72
activity#com.app.zad.ui.IntroActivity
ADDED from src/main/AndroidManifest.xml:183:9-187:20
	android:name
		ADDED from src/main/AndroidManifest.xml:183:19-62
intent-filter#android.intent.action.MAIN
ADDED from src/main/AndroidManifest.xml:184:13-186:29
activity#com.app.zad.ui.Billing
ADDED from src/main/AndroidManifest.xml:188:9-191:20
	android:theme
		ADDED from src/main/AndroidManifest.xml:190:13-50
	android:name
		ADDED from src/main/AndroidManifest.xml:189:13-50
activity#com.android.vending.billing.Bill
ADDED from src/main/AndroidManifest.xml:192:9-193:20
	android:name
		ADDED from src/main/AndroidManifest.xml:192:19-66
provider#com.facebook.FacebookContentProvider
ADDED from src/main/AndroidManifest.xml:194:9-197:38
	android:authorities
		ADDED from src/main/AndroidManifest.xml:195:13-90
	android:exported
		ADDED from src/main/AndroidManifest.xml:197:13-36
	android:name
		ADDED from src/main/AndroidManifest.xml:196:13-64
uses-permission#android.permission.WRITE_EXTERNAL_STORAGE
IMPLIED from src/main/AndroidManifest.xml:2:1-200:12 reason: com.github.amlcurran.showcaseview has a targetSdkVersion < 4
MERGED from [com.google.android.gms:play-services-maps:7.5.0] AndroidManifest.xml:22:5-80
uses-permission#android.permission.READ_PHONE_STATE
IMPLIED from src/main/AndroidManifest.xml:2:1-200:12 reason: com.github.amlcurran.showcaseview has a targetSdkVersion < 4
uses-permission#android.permission.READ_EXTERNAL_STORAGE
IMPLIED from src/main/AndroidManifest.xml:2:1-200:12 reason: com.github.amlcurran.showcaseview requested WRITE_EXTERNAL_STORAGE
activity#com.google.android.gms.ads.purchase.InAppPurchaseActivity
ADDED from [com.google.android.gms:play-services-ads:7.5.0] AndroidManifest.xml:30:9-31:52
	android:theme
		ADDED from [com.google.android.gms:play-services-ads:7.5.0] AndroidManifest.xml:31:13-50
	android:name
		ADDED from [com.google.android.gms:play-services-ads:7.5.0] AndroidManifest.xml:30:19-91
uses-permission#android.permission.GET_ACCOUNTS
ADDED from [com.google.android.gms:play-services-wallet:7.5.0] AndroidManifest.xml:21:5-70
	android:name
		ADDED from [com.google.android.gms:play-services-wallet:7.5.0] AndroidManifest.xml:21:22-68
uses-permission#android.permission.USE_CREDENTIALS
ADDED from [com.google.android.gms:play-services-wallet:7.5.0] AndroidManifest.xml:22:5-73
	android:name
		ADDED from [com.google.android.gms:play-services-wallet:7.5.0] AndroidManifest.xml:22:22-71
meta-data#com.google.android.gms.wallet.api.enabled
ADDED from [com.google.android.gms:play-services-wallet:7.5.0] AndroidManifest.xml:25:9-27:36
	android:value
		ADDED from [com.google.android.gms:play-services-wallet:7.5.0] AndroidManifest.xml:27:13-33
	android:name
		ADDED from [com.google.android.gms:play-services-wallet:7.5.0] AndroidManifest.xml:26:13-69
receiver#com.google.android.gms.wallet.EnableWalletOptimizationReceiver
ADDED from [com.google.android.gms:play-services-wallet:7.5.0] AndroidManifest.xml:28:9-34:20
	android:exported
		ADDED from [com.google.android.gms:play-services-wallet:7.5.0] AndroidManifest.xml:30:13-37
	android:name
		ADDED from [com.google.android.gms:play-services-wallet:7.5.0] AndroidManifest.xml:29:13-90
intent-filter#com.google.android.gms.wallet.ENABLE_WALLET_OPTIMIZATION
ADDED from [com.google.android.gms:play-services-wallet:7.5.0] AndroidManifest.xml:31:13-33:29
action#com.google.android.gms.wallet.ENABLE_WALLET_OPTIMIZATION
ADDED from [com.google.android.gms:play-services-wallet:7.5.0] AndroidManifest.xml:32:17-99
	android:name
		ADDED from [com.google.android.gms:play-services-wallet:7.5.0] AndroidManifest.xml:32:25-96
uses-permission#android.permission.ACCESS_COARSE_LOCATION
ADDED from [com.google.android.gms:play-services-maps:7.5.0] AndroidManifest.xml:23:5-80
	android:name
		ADDED from [com.google.android.gms:play-services-maps:7.5.0] AndroidManifest.xml:23:22-78
uses-feature#0x00020000
ADDED from [com.google.android.gms:play-services-maps:7.5.0] AndroidManifest.xml:24:5-26:33
	android:glEsVersion
		ADDED from [com.google.android.gms:play-services-maps:7.5.0] AndroidManifest.xml:25:8-40
	android:required
		ADDED from [com.google.android.gms:play-services-maps:7.5.0] AndroidManifest.xml:26:8-31
activity#com.facebook.FacebookActivity
ADDED from [com.facebook.android:facebook-android-sdk:4.18.0] AndroidManifest.xml:29:9-32:66
	android:configChanges
		ADDED from [com.facebook.android:facebook-android-sdk:4.18.0] AndroidManifest.xml:31:13-96
	android:theme
		ADDED from [com.facebook.android:facebook-android-sdk:4.18.0] AndroidManifest.xml:32:13-63
	android:name
		ADDED from [com.facebook.android:facebook-android-sdk:4.18.0] AndroidManifest.xml:30:13-57
activity#com.facebook.CustomTabActivity
ADDED from [com.facebook.android:facebook-android-sdk:4.18.0] AndroidManifest.xml:33:9-36:20
	android:exported
		ADDED from [com.facebook.android:facebook-android-sdk:4.18.0] AndroidManifest.xml:35:13-36
	android:name
		ADDED from [com.facebook.android:facebook-android-sdk:4.18.0] AndroidManifest.xml:34:13-58
activity#com.facebook.CustomTabMainActivity
ADDED from [com.facebook.android:facebook-android-sdk:4.18.0] AndroidManifest.xml:37:9-71
	android:name
		ADDED from [com.facebook.android:facebook-android-sdk:4.18.0] AndroidManifest.xml:37:19-68